<?xml version="1.0" encoding="UTF-8"?>
<testng-results ignored="0" total="1" passed="1" failed="0" skipped="0">
  <reporter-output>
  </reporter-output>
  <suite started-at="2024-03-25T18:13:51 IST" name="Test Suite" finished-at="2024-03-25T18:13:51 IST" duration-ms="78">
    <groups>
    </groups>
    <test started-at="2024-03-25T18:13:51 IST" name="Login Test" finished-at="2024-03-25T18:13:51 IST" duration-ms="78">
      <class name="com.example.tests.LoginTest">
        <test-method is-config="true" signature="setUp()[pri:0, instance:com.example.tests.LoginTest@7880cdf3]" started-at="2024-03-25T18:13:51 IST" name="setUp" finished-at="2024-03-25T18:13:51 IST" duration-ms="47" status="PASS">
          <reporter-output>
          </reporter-output>
        </test-method> <!-- setUp -->
        <test-method signature="testLogin()[pri:0, instance:com.example.tests.LoginTest@7880cdf3]" started-at="2024-03-25T18:13:51 IST" name="testLogin" finished-at="2024-03-25T18:13:51 IST" duration-ms="16" status="PASS">
          <reporter-output>
          </reporter-output>
        </test-method> <!-- testLogin -->
        <test-method is-config="true" signature="tearDown()[pri:0, instance:com.example.tests.LoginTest@7880cdf3]" started-at="2024-03-25T18:13:51 IST" name="tearDown" finished-at="2024-03-25T18:13:51 IST" duration-ms="0" status="PASS">
          <reporter-output>
          </reporter-output>
        </test-method> <!-- tearDown -->
      </class> <!-- com.example.tests.LoginTest -->
    </test> <!-- Login Test -->
  </suite> <!-- Test Suite -->
</testng-results>
